<?xml version="1.0" encoding="UTF-8"?>
<!-- Generated by org.testng.reporters.JUnitXMLReporter -->
<testsuite hostname="LAPTOP-E4PBQDKQ" ignored="0" name="edge" tests="3" failures="0" timestamp="20 Sep 2022 16:46:54 GMT" time="62.745" errors="0">
  <testcase name="test3" time="0.002" classname="com.Myecom.testcases.DemoTest"/>
  <testcase name="test2" time="0.002" classname="com.Myecom.testcases.DemoTest"/>
  <testcase name="test1" time="0.002" classname="com.Myecom.testcases.DemoTest"/>
</testsuite> <!-- edge -->
