<?xml version="1.0" encoding="UTF-8"?>
<!-- Generated by org.testng.reporters.JUnitXMLReporter -->
<testsuite hostname="LAPTOP-E4PBQDKQ" ignored="9" name="Test" tests="1" failures="0" timestamp="20 Sep 2022 16:04:30 GMT" time="0.045" errors="0">
  <testcase name="test1" time="0.024" classname="com.Myecom.testcases.DemoTest"/>
  <testcase name="validateSubmit" time="0.0" classname="com.Myecom.testcases.SigninPageTest">
    <ignored/>
  </testcase> <!-- validateSubmit -->
  <testcase name="validateSerchBoxClick" time="0.0" classname="com.Myecom.testcases.IndexPageTest">
    <ignored/>
  </testcase> <!-- validateSerchBoxClick -->
  <testcase name="validateclickOnSignIn" time="0.0" classname="com.Myecom.testcases.IndexPageTest">
    <ignored/>
  </testcase> <!-- validateclickOnSignIn -->
  <testcase name="personalInformation" time="0.0" classname="com.Myecom.testcases.CreateNewAccountTest">
    <ignored/>
  </testcase> <!-- personalInformation -->
  <testcase name="validateTitle" time="0.0" classname="com.Myecom.testcases.IndexPageTest">
    <ignored/>
  </testcase> <!-- validateTitle -->
  <testcase name="validateSearchElement" time="0.0" classname="com.Myecom.testcases.IndexPageTest">
    <ignored/>
  </testcase> <!-- validateSearchElement -->
  <testcase name="test2" time="0.0" classname="com.Myecom.testcases.DemoTest">
    <ignored/>
  </testcase> <!-- test2 -->
  <testcase name="test3" time="0.0" classname="com.Myecom.testcases.DemoTest">
    <ignored/>
  </testcase> <!-- test3 -->
  <testcase name="validateLogo" time="0.0" classname="com.Myecom.testcases.IndexPageTest">
    <ignored/>
  </testcase> <!-- validateLogo -->
</testsuite> <!-- Test -->
