<?xml version="1.0" encoding="UTF-8"?>
<!-- Generated by org.testng.reporters.JUnitXMLReporter -->
<testsuite hostname="LAPTOP-E4PBQDKQ" ignored="0" name="Test(failed)" tests="1" failures="1" timestamp="20 Sep 2022 07:34:29 GMT" time="25.373" errors="0">
  <testcase name="personalInformation" time="10.179" classname="com.Myecom.testcases.CreateNewAccountTest">
    <failure type="java.lang.IllegalStateException" message="Cannot get a STRING value from a NUMERIC cell">
      <![CDATA[java.lang.IllegalStateException: Cannot get a STRING value from a NUMERIC cell
at org.apache.poi.xssf.usermodel.XSSFCell.typeMismatch(XSSFCell.java:946)
at org.apache.poi.xssf.usermodel.XSSFCell.getRichStringCellValue(XSSFCell.java:336)
at org.apache.poi.xssf.usermodel.XSSFCell.getStringCellValue(XSSFCell.java:280)
at com.Myecom.utility.ExcelSheetHandle.getExcel1SheetData(ExcelSheetHandle.java:52)
at com.Myecom.testcases.CreateNewAccountTest.personalInformation(CreateNewAccountTest.java:78)
... Removed 25 stack frames]]>
    </failure>
  </testcase> <!-- personalInformation -->
</testsuite> <!-- Test(failed) -->
