<?xml version="1.0" encoding="UTF-8"?>
<testng-results skipped="0" failed="0" ignored="0" total="1" passed="1">
  <reporter-output>
  </reporter-output>
  <suite name="Default suite" duration-ms="17939" started-at="2022-09-18T07:55:57Z" finished-at="2022-09-18T07:56:15Z">
    <groups>
    </groups>
    <test name="Default test" duration-ms="17939" started-at="2022-09-18T07:55:57Z" finished-at="2022-09-18T07:56:15Z">
      <class name="com.Myecom.testcases.CreateNewAccountTest">
        <test-method status="PASS" signature="readProp()[pri:0, instance:com.Myecom.testcases.CreateNewAccountTest@31610302]" name="readProp" is-config="true" duration-ms="18" started-at="2022-09-18T07:55:57Z" finished-at="2022-09-18T07:55:57Z">
          <reporter-output>
          </reporter-output>
        </test-method> <!-- readProp -->
        <test-method status="PASS" signature="setUp()[pri:0, instance:com.Myecom.testcases.CreateNewAccountTest@31610302]" name="setUp" is-config="true" duration-ms="13415" started-at="2022-09-18T07:55:57Z" finished-at="2022-09-18T07:56:10Z">
          <reporter-output>
          </reporter-output>
        </test-method> <!-- setUp -->
        <test-method status="PASS" signature="personalInformation()[pri:0, instance:com.Myecom.testcases.CreateNewAccountTest@31610302]" name="personalInformation" duration-ms="4477" started-at="2022-09-18T07:56:10Z" finished-at="2022-09-18T07:56:15Z">
          <reporter-output>
          </reporter-output>
        </test-method> <!-- personalInformation -->
        <test-method status="PASS" signature="tearDown()[pri:0, instance:com.Myecom.testcases.CreateNewAccountTest@31610302]" name="tearDown" is-config="true" duration-ms="1" started-at="2022-09-18T07:56:15Z" finished-at="2022-09-18T07:56:15Z">
          <reporter-output>
          </reporter-output>
        </test-method> <!-- tearDown -->
      </class> <!-- com.Myecom.testcases.CreateNewAccountTest -->
    </test> <!-- Default test -->
  </suite> <!-- Default suite -->
</testng-results>
